2024-04-29T14:52:08.249+05:30  INFO 24184 --- [PharmAssist] [restartedMain] c.u.PharmAssist.PharmAssistApplication   : Starting PharmAssistApplication using Java 17.0.7 with PID 24184 (C:\Users\245150\Desktop\Java Projects\PharmAssist\target\classes started by 245150 in C:\Users\245150\Desktop\Java Projects\PharmAssist)
2024-04-29T14:52:08.260+05:30  INFO 24184 --- [PharmAssist] [restartedMain] c.u.PharmAssist.PharmAssistApplication   : No active profile set, falling back to 1 default profile: "default"
2024-04-29T14:52:08.334+05:30  INFO 24184 --- [PharmAssist] [restartedMain] .e.DevToolsPropertyDefaultsPostProcessor : Devtools property defaults active! Set 'spring.devtools.add-properties' to 'false' to disable
2024-04-29T14:52:08.334+05:30  INFO 24184 --- [PharmAssist] [restartedMain] .e.DevToolsPropertyDefaultsPostProcessor : For additional web related logging consider setting the 'logging.level.web' property to 'DEBUG'
2024-04-29T14:52:09.225+05:30  INFO 24184 --- [PharmAssist] [restartedMain] .s.d.r.c.RepositoryConfigurationDelegate : Bootstrapping Spring Data JPA repositories in DEFAULT mode.
2024-04-29T14:52:09.294+05:30  INFO 24184 --- [PharmAssist] [restartedMain] .s.d.r.c.RepositoryConfigurationDelegate : Finished Spring Data repository scanning in 62 ms. Found 4 JPA repository interfaces.
2024-04-29T14:52:10.146+05:30  INFO 24184 --- [PharmAssist] [restartedMain] o.s.b.w.embedded.tomcat.TomcatWebServer  : Tomcat initialized with port 8080 (http)
2024-04-29T14:52:10.157+05:30  INFO 24184 --- [PharmAssist] [restartedMain] o.apache.catalina.core.StandardService   : Starting service [Tomcat]
2024-04-29T14:52:10.158+05:30  INFO 24184 --- [PharmAssist] [restartedMain] o.apache.catalina.core.StandardEngine    : Starting Servlet engine: [Apache Tomcat/10.1.19]
2024-04-29T14:52:10.239+05:30  INFO 24184 --- [PharmAssist] [restartedMain] o.a.c.c.C.[Tomcat].[localhost].[/]       : Initializing Spring embedded WebApplicationContext
2024-04-29T14:52:10.239+05:30  INFO 24184 --- [PharmAssist] [restartedMain] w.s.c.ServletWebServerApplicationContext : Root WebApplicationContext: initialization completed in 1904 ms
2024-04-29T14:52:10.455+05:30  INFO 24184 --- [PharmAssist] [restartedMain] o.hibernate.jpa.internal.util.LogHelper  : HHH000204: Processing PersistenceUnitInfo [name: default]
2024-04-29T14:52:10.523+05:30  INFO 24184 --- [PharmAssist] [restartedMain] org.hibernate.Version                    : HHH000412: Hibernate ORM core version 6.4.4.Final
2024-04-29T14:52:10.566+05:30  INFO 24184 --- [PharmAssist] [restartedMain] o.h.c.internal.RegionFactoryInitiator    : HHH000026: Second-level cache disabled
2024-04-29T14:52:10.816+05:30  INFO 24184 --- [PharmAssist] [restartedMain] o.s.o.j.p.SpringPersistenceUnitInfo      : No LoadTimeWeaver setup: ignoring JPA class transformer
2024-04-29T14:52:10.845+05:30  INFO 24184 --- [PharmAssist] [restartedMain] com.zaxxer.hikari.HikariDataSource       : HikariPool-1 - Starting...
2024-04-29T14:52:11.171+05:30  INFO 24184 --- [PharmAssist] [restartedMain] com.zaxxer.hikari.pool.HikariPool        : HikariPool-1 - Added connection com.mysql.cj.jdbc.ConnectionImpl@1425e043
2024-04-29T14:52:11.174+05:30  INFO 24184 --- [PharmAssist] [restartedMain] com.zaxxer.hikari.HikariDataSource       : HikariPool-1 - Start completed.
2024-04-29T14:52:12.044+05:30  INFO 24184 --- [PharmAssist] [restartedMain] o.h.e.t.j.p.i.JtaPlatformInitiator       : HHH000489: No JTA platform available (set 'hibernate.transaction.jta.platform' to enable JTA platform integration)
2024-04-29T14:52:12.099+05:30  INFO 24184 --- [PharmAssist] [restartedMain] j.LocalContainerEntityManagerFactoryBean : Initialized JPA EntityManagerFactory for persistence unit 'default'
2024-04-29T14:52:12.604+05:30  WARN 24184 --- [PharmAssist] [restartedMain] JpaBaseConfiguration$JpaWebConfiguration : spring.jpa.open-in-view is enabled by default. Therefore, database queries may be performed during view rendering. Explicitly configure spring.jpa.open-in-view to disable this warning
2024-04-29T14:52:13.620+05:30  INFO 24184 --- [PharmAssist] [restartedMain] o.s.s.web.DefaultSecurityFilterChain     : Will secure any request with [org.springframework.security.web.session.DisableEncodeUrlFilter@82fd8d1, org.springframework.security.web.context.request.async.WebAsyncManagerIntegrationFilter@5ec9300f, org.springframework.security.web.context.SecurityContextHolderFilter@2c3c036c, org.springframework.security.web.header.HeaderWriterFilter@5e7243ba, org.springframework.web.filter.CorsFilter@61b0a9b0, org.springframework.security.web.authentication.logout.LogoutFilter@1571f821, org.springframework.security.web.authentication.www.BasicAuthenticationFilter@14f85912, org.springframework.security.web.savedrequest.RequestCacheAwareFilter@336b0c40, org.springframework.security.web.servletapi.SecurityContextHolderAwareRequestFilter@65fb3dd6, org.springframework.security.web.authentication.AnonymousAuthenticationFilter@53d64c17, org.springframework.security.web.access.ExceptionTranslationFilter@2e96f18e, org.springframework.security.web.access.intercept.AuthorizationFilter@6b468cac]
2024-04-29T14:52:13.922+05:30  INFO 24184 --- [PharmAssist] [restartedMain] o.s.b.d.a.OptionalLiveReloadServer       : LiveReload server is running on port 35729
2024-04-29T14:52:13.964+05:30  INFO 24184 --- [PharmAssist] [restartedMain] o.s.b.w.embedded.tomcat.TomcatWebServer  : Tomcat started on port 8080 (http) with context path ''
2024-04-29T14:52:13.973+05:30  INFO 24184 --- [PharmAssist] [restartedMain] c.u.PharmAssist.PharmAssistApplication   : Started PharmAssistApplication in 6.08 seconds (process running for 6.648)
2024-04-29T14:52:17.706+05:30  INFO 24184 --- [PharmAssist] [http-nio-8080-exec-1] o.a.c.c.C.[Tomcat].[localhost].[/]       : Initializing Spring DispatcherServlet 'dispatcherServlet'
2024-04-29T14:52:17.706+05:30  INFO 24184 --- [PharmAssist] [http-nio-8080-exec-1] o.s.web.servlet.DispatcherServlet        : Initializing Servlet 'dispatcherServlet'
2024-04-29T14:52:17.708+05:30  INFO 24184 --- [PharmAssist] [http-nio-8080-exec-1] o.s.web.servlet.DispatcherServlet        : Completed initialization in 1 ms
2024-04-29T14:52:25.273+05:30  INFO 24184 --- [PharmAssist] [http-nio-8080-exec-7] o.springdoc.api.AbstractOpenApiResource  : Init duration for springdoc-openapi is: 560 ms
2024-04-29T14:52:40.842+05:30  INFO 24184 --- [PharmAssist] [http-nio-8080-exec-9] c.u.P.controller.PharmaController        : Invoked controller method fetchBatch parameter 1: 1 parameter 1: 3
2024-04-29T14:52:40.843+05:30  INFO 24184 --- [PharmAssist] [http-nio-8080-exec-9] c.u.P.service.PharmaServiceImpl          : Invoked service method fetchBatch with pageable: Page request [number: 1, size 3, sort: UNSORTED]
2024-04-29T14:52:40.846+05:30  INFO 24184 --- [PharmAssist] [http-nio-8080-exec-9] com.ust.PharmAssist.dao.BatchDAO         : Invoked method fetchBatch with pageable: Page request [number: 1, size 3, sort: UNSORTED]
2024-04-29T14:52:41.097+05:30  INFO 24184 --- [PharmAssist] [http-nio-8080-exec-9] com.ust.PharmAssist.dao.BatchDAO         : Method Exit method_name fetchBatch: Page 2 of 3 containing com.ust.PharmAssist.entity.BatchInfo instances
2024-04-29T14:52:41.097+05:30  INFO 24184 --- [PharmAssist] [http-nio-8080-exec-9] c.u.P.service.PharmaServiceImpl          : Method Exit method_name fetchBatch: Page 2 of 3 containing com.ust.PharmAssist.entity.BatchInfo instances
2024-04-29T14:52:41.098+05:30  INFO 24184 --- [PharmAssist] [http-nio-8080-exec-9] c.u.P.controller.PharmaController        : Method Exit method_name fetchBatch :Page 2 of 3 containing com.ust.PharmAssist.entity.BatchInfo instances
2024-04-29T18:25:04.726+05:30  INFO 24184 --- [PharmAssist] [SpringApplicationShutdownHook] j.LocalContainerEntityManagerFactoryBean : Closing JPA EntityManagerFactory for persistence unit 'default'
2024-04-29T18:25:04.747+05:30  INFO 24184 --- [PharmAssist] [SpringApplicationShutdownHook] com.zaxxer.hikari.HikariDataSource       : HikariPool-1 - Shutdown initiated...
2024-04-29T18:25:04.755+05:30  INFO 24184 --- [PharmAssist] [SpringApplicationShutdownHook] com.zaxxer.hikari.HikariDataSource       : HikariPool-1 - Shutdown completed.
